2026-01-23 08:52:16 - Starting C:\nvm4w\nodejs\node.exe  --harmony --max_old_space_size=4096 C:\Development\sql2005-bridge\node_modules\node-windows\lib\wrapper.js --file C:\Development\sql2005-bridge\server.js --scriptoptions= --log "SQL2005 Bridge Service wrapper" --grow 0.25 --wait 1 --maxrestarts 3 --abortonerror n --stopparentfirst undefined
2026-01-23 08:52:16 - Started 24084
2026-01-29 15:08:57 - Stopping sql2005bridgeservice.exe
2026-01-29 15:08:57 - ProcessKill 24084
2026-01-29 15:08:58 - Shutdown exception
Message:Class not registered

Stacktrace:   at System.Runtime.InteropServices.Marshal.ThrowExceptionForHRInternal(Int32 errorCode, IntPtr errorInfo)
   at System.Management.ManagementScope.InitializeGuts(Object o)
   at System.Management.ManagementScope.Initialize()
   at System.Management.ManagementObjectSearcher.Initialize()
   at System.Management.ManagementObjectSearcher.Get()
   at winsw.WrapperService.GetChildPids(Int32 pid)
   at winsw.WrapperService.StopProcessAndChildren(Int32 pid)
   at winsw.WrapperService.StopIt()
   at winsw.WrapperService.OnShutdown()
2026-01-29 15:09:35 - Starting C:\nvm4w\nodejs\node.exe  --harmony --max_old_space_size=4096 C:\Development\sql2005-bridge\node_modules\node-windows\lib\wrapper.js --file C:\Development\sql2005-bridge\server.js --scriptoptions= --log "SQL2005 Bridge Service wrapper" --grow 0.25 --wait 1 --maxrestarts 3 --abortonerror n --stopparentfirst undefined
2026-01-29 15:09:35 - Started 7504
2026-01-29 15:22:29 - Stopping sql2005bridgeservice.exe
2026-01-29 15:22:29 - ProcessKill 7504
2026-01-29 15:22:29 - Shutdown exception
Message:Class not registered

Stacktrace:   at System.Runtime.InteropServices.Marshal.ThrowExceptionForHRInternal(Int32 errorCode, IntPtr errorInfo)
   at System.Management.ManagementScope.InitializeGuts(Object o)
   at System.Management.ManagementScope.Initialize()
   at System.Management.ManagementObjectSearcher.Initialize()
   at System.Management.ManagementObjectSearcher.Get()
   at winsw.WrapperService.GetChildPids(Int32 pid)
   at winsw.WrapperService.StopProcessAndChildren(Int32 pid)
   at winsw.WrapperService.StopIt()
   at winsw.WrapperService.OnShutdown()
2026-01-29 15:23:06 - Starting C:\nvm4w\nodejs\node.exe  --harmony --max_old_space_size=4096 C:\Development\sql2005-bridge\node_modules\node-windows\lib\wrapper.js --file C:\Development\sql2005-bridge\server.js --scriptoptions= --log "SQL2005 Bridge Service wrapper" --grow 0.25 --wait 1 --maxrestarts 3 --abortonerror n --stopparentfirst undefined
2026-01-29 15:23:06 - Started 7400
2026-01-29 15:23:40 - Stopping sql2005bridgeservice.exe
2026-01-29 15:23:40 - ProcessKill 7400
2026-01-29 15:23:40 - Shutdown exception
Message:A system shutdown is in progress.

Stacktrace:   at System.Runtime.InteropServices.Marshal.ThrowExceptionForHRInternal(Int32 errorCode, IntPtr errorInfo)
   at System.Management.ManagementScope.InitializeGuts(Object o)
   at System.Management.ManagementScope.Initialize()
   at System.Management.ManagementObjectSearcher.Initialize()
   at System.Management.ManagementObjectSearcher.Get()
   at winsw.WrapperService.GetChildPids(Int32 pid)
   at winsw.WrapperService.StopProcessAndChildren(Int32 pid)
   at winsw.WrapperService.StopIt()
   at winsw.WrapperService.OnShutdown()
2026-01-29 15:24:12 - Starting C:\nvm4w\nodejs\node.exe  --harmony --max_old_space_size=4096 C:\Development\sql2005-bridge\node_modules\node-windows\lib\wrapper.js --file C:\Development\sql2005-bridge\server.js --scriptoptions= --log "SQL2005 Bridge Service wrapper" --grow 0.25 --wait 1 --maxrestarts 3 --abortonerror n --stopparentfirst undefined
2026-01-29 15:24:12 - Started 7004
2026-02-04 08:44:15 - Starting C:\nvm4w\nodejs\node.exe  --harmony --max_old_space_size=4096 C:\Development\sql2005-bridge\node_modules\node-windows\lib\wrapper.js --file C:\Development\sql2005-bridge\server.js --scriptoptions= --log "SQL2005 Bridge Service wrapper" --grow 0.25 --wait 1 --maxrestarts 3 --abortonerror n --stopparentfirst undefined
2026-02-04 08:44:15 - Started 5684
