RequestError: Column, parameter, or variable #5: Cannot find data type VCHAR.
    at handleError (C:\Development\sql2005-bridge\node_modules\mssql\lib\tedious\request.js:384:15)
    at Connection.emit (node:events:517:28)
    at Connection.emit (C:\Development\sql2005-bridge\node_modules\tedious\lib\connection.js:970:18)
    at RequestTokenHandler.onErrorMessage (C:\Development\sql2005-bridge\node_modules\tedious\lib\token\handler.js:284:21)
    at Readable.<anonymous> (C:\Development\sql2005-bridge\node_modules\tedious\lib\token\token-stream-parser.js:19:33)
    at Readable.emit (node:events:517:28)
    at addChunk (node:internal/streams/readable:335:12)
    at readableAddChunk (node:internal/streams/readable:308:9)
    at Readable.push (node:internal/streams/readable:245:10)
    at next (node:internal/streams/from:98:31) {
  code: 'EREQUEST',
  originalError: Error: Column, parameter, or variable #5: Cannot find data type VCHAR.
      at handleError (C:\Development\sql2005-bridge\node_modules\mssql\lib\tedious\request.js:382:19)
      at Connection.emit (node:events:517:28)
      at Connection.emit (C:\Development\sql2005-bridge\node_modules\tedious\lib\connection.js:970:18)
      at RequestTokenHandler.onErrorMessage (C:\Development\sql2005-bridge\node_modules\tedious\lib\token\handler.js:284:21)
      at Readable.<anonymous> (C:\Development\sql2005-bridge\node_modules\tedious\lib\token\token-stream-parser.js:19:33)
      at Readable.emit (node:events:517:28)
      at addChunk (node:internal/streams/readable:335:12)
      at readableAddChunk (node:internal/streams/readable:308:9)
      at Readable.push (node:internal/streams/readable:245:10)
      at next (node:internal/streams/from:98:31) {
    info: ErrorMessageToken {
      name: 'ERROR',
      handlerName: 'onErrorMessage',
      number: 2715,
      state: 7,
      class: 16,
      message: 'Column, parameter, or variable #5: Cannot find data type VCHAR.',
      serverName: 'GATEWAYHO',
      procName: '',
      lineNumber: 1
    }
  },
  number: 2715,
  lineNumber: 1,
  state: 7,
  class: 16,
  serverName: 'GATEWAYHO',
  procName: '',
  precedingErrors: []
}
RequestError: Invalid object name 'dbo.Items'.
    at handleError (C:\Development\sql2005-bridge\node_modules\mssql\lib\tedious\request.js:384:15)
    at Connection.emit (node:events:517:28)
    at Connection.emit (C:\Development\sql2005-bridge\node_modules\tedious\lib\connection.js:970:18)
    at RequestTokenHandler.onErrorMessage (C:\Development\sql2005-bridge\node_modules\tedious\lib\token\handler.js:284:21)
    at Readable.<anonymous> (C:\Development\sql2005-bridge\node_modules\tedious\lib\token\token-stream-parser.js:19:33)
    at Readable.emit (node:events:517:28)
    at addChunk (node:internal/streams/readable:335:12)
    at readableAddChunk (node:internal/streams/readable:308:9)
    at Readable.push (node:internal/streams/readable:245:10)
    at next (node:internal/streams/from:98:31) {
  code: 'EREQUEST',
  originalError: Error: Invalid object name 'dbo.Items'.
      at handleError (C:\Development\sql2005-bridge\node_modules\mssql\lib\tedious\request.js:382:19)
      at Connection.emit (node:events:517:28)
      at Connection.emit (C:\Development\sql2005-bridge\node_modules\tedious\lib\connection.js:970:18)
      at RequestTokenHandler.onErrorMessage (C:\Development\sql2005-bridge\node_modules\tedious\lib\token\handler.js:284:21)
      at Readable.<anonymous> (C:\Development\sql2005-bridge\node_modules\tedious\lib\token\token-stream-parser.js:19:33)
      at Readable.emit (node:events:517:28)
      at addChunk (node:internal/streams/readable:335:12)
      at readableAddChunk (node:internal/streams/readable:308:9)
      at Readable.push (node:internal/streams/readable:245:10)
      at next (node:internal/streams/from:98:31) {
    info: ErrorMessageToken {
      name: 'ERROR',
      handlerName: 'onErrorMessage',
      number: 208,
      state: 1,
      class: 16,
      message: "Invalid object name 'dbo.Items'.",
      serverName: 'GATEWAYHO',
      procName: '',
      lineNumber: 1
    }
  },
  number: 208,
  lineNumber: 1,
  state: 1,
  class: 16,
  serverName: 'GATEWAYHO',
  procName: '',
  precedingErrors: []
}
SQL error: RequestError: Unclosed quotation mark after the character string ')'.
    at handleError (C:\Development\sql2005-bridge\node_modules\mssql\lib\tedious\request.js:384:15)
    at Connection.emit (node:events:517:28)
    at Connection.emit (C:\Development\sql2005-bridge\node_modules\tedious\lib\connection.js:970:18)
    at RequestTokenHandler.onErrorMessage (C:\Development\sql2005-bridge\node_modules\tedious\lib\token\handler.js:284:21)
    at Readable.<anonymous> (C:\Development\sql2005-bridge\node_modules\tedious\lib\token\token-stream-parser.js:19:33)
    at Readable.emit (node:events:517:28)
    at addChunk (node:internal/streams/readable:335:12)
    at readableAddChunk (node:internal/streams/readable:308:9)
    at Readable.push (node:internal/streams/readable:245:10)
    at next (node:internal/streams/from:98:31) {
  code: 'EREQUEST',
  originalError: Error: Unclosed quotation mark after the character string ')'.
      at handleError (C:\Development\sql2005-bridge\node_modules\mssql\lib\tedious\request.js:382:19)
      at Connection.emit (node:events:517:28)
      at Connection.emit (C:\Development\sql2005-bridge\node_modules\tedious\lib\connection.js:970:18)
      at RequestTokenHandler.onErrorMessage (C:\Development\sql2005-bridge\node_modules\tedious\lib\token\handler.js:284:21)
      at Readable.<anonymous> (C:\Development\sql2005-bridge\node_modules\tedious\lib\token\token-stream-parser.js:19:33)
      at Readable.emit (node:events:517:28)
      at addChunk (node:internal/streams/readable:335:12)
      at readableAddChunk (node:internal/streams/readable:308:9)
      at Readable.push (node:internal/streams/readable:245:10)
      at next (node:internal/streams/from:98:31) {
    info: ErrorMessageToken {
      name: 'ERROR',
      handlerName: 'onErrorMessage',
      number: 105,
      state: 1,
      class: 15,
      message: "Unclosed quotation mark after the character string ')'.",
      serverName: 'GATEWAYHO',
      procName: '',
      lineNumber: 1
    }
  },
  number: 105,
  lineNumber: 1,
  state: 1,
  class: 15,
  serverName: 'GATEWAYHO',
  procName: '',
  precedingErrors: [
    RequestError: Incorrect syntax near '27.01'.
        at handleError (C:\Development\sql2005-bridge\node_modules\mssql\lib\tedious\request.js:384:15)
        at Connection.emit (node:events:517:28)
        at Connection.emit (C:\Development\sql2005-bridge\node_modules\tedious\lib\connection.js:970:18)
        at RequestTokenHandler.onErrorMessage (C:\Development\sql2005-bridge\node_modules\tedious\lib\token\handler.js:284:21)
        at Readable.<anonymous> (C:\Development\sql2005-bridge\node_modules\tedious\lib\token\token-stream-parser.js:19:33)
        at Readable.emit (node:events:517:28)
        at addChunk (node:internal/streams/readable:335:12)
        at readableAddChunk (node:internal/streams/readable:308:9)
        at Readable.push (node:internal/streams/readable:245:10)
        at next (node:internal/streams/from:98:31) {
      code: 'EREQUEST',
      originalError: [Error],
      number: 102,
      lineNumber: 1,
      state: 1,
      class: 15,
      serverName: 'GATEWAYHO',
      procName: ''
    }
  ]
}
SQL error: RequestError: Unclosed quotation mark after the character string ')'.
    at handleError (C:\Development\sql2005-bridge\node_modules\mssql\lib\tedious\request.js:384:15)
    at Connection.emit (node:events:517:28)
    at Connection.emit (C:\Development\sql2005-bridge\node_modules\tedious\lib\connection.js:970:18)
    at RequestTokenHandler.onErrorMessage (C:\Development\sql2005-bridge\node_modules\tedious\lib\token\handler.js:284:21)
    at Readable.<anonymous> (C:\Development\sql2005-bridge\node_modules\tedious\lib\token\token-stream-parser.js:19:33)
    at Readable.emit (node:events:517:28)
    at addChunk (node:internal/streams/readable:335:12)
    at readableAddChunk (node:internal/streams/readable:308:9)
    at Readable.push (node:internal/streams/readable:245:10)
    at next (node:internal/streams/from:98:31) {
  code: 'EREQUEST',
  originalError: Error: Unclosed quotation mark after the character string ')'.
      at handleError (C:\Development\sql2005-bridge\node_modules\mssql\lib\tedious\request.js:382:19)
      at Connection.emit (node:events:517:28)
      at Connection.emit (C:\Development\sql2005-bridge\node_modules\tedious\lib\connection.js:970:18)
      at RequestTokenHandler.onErrorMessage (C:\Development\sql2005-bridge\node_modules\tedious\lib\token\handler.js:284:21)
      at Readable.<anonymous> (C:\Development\sql2005-bridge\node_modules\tedious\lib\token\token-stream-parser.js:19:33)
      at Readable.emit (node:events:517:28)
      at addChunk (node:internal/streams/readable:335:12)
      at readableAddChunk (node:internal/streams/readable:308:9)
      at Readable.push (node:internal/streams/readable:245:10)
      at next (node:internal/streams/from:98:31) {
    info: ErrorMessageToken {
      name: 'ERROR',
      handlerName: 'onErrorMessage',
      number: 105,
      state: 1,
      class: 15,
      message: "Unclosed quotation mark after the character string ')'.",
      serverName: 'GATEWAYHO',
      procName: '',
      lineNumber: 1
    }
  },
  number: 105,
  lineNumber: 1,
  state: 1,
  class: 15,
  serverName: 'GATEWAYHO',
  procName: '',
  precedingErrors: [
    RequestError: Incorrect syntax near '.26'.
        at handleError (C:\Development\sql2005-bridge\node_modules\mssql\lib\tedious\request.js:384:15)
        at Connection.emit (node:events:517:28)
        at Connection.emit (C:\Development\sql2005-bridge\node_modules\tedious\lib\connection.js:970:18)
        at RequestTokenHandler.onErrorMessage (C:\Development\sql2005-bridge\node_modules\tedious\lib\token\handler.js:284:21)
        at Readable.<anonymous> (C:\Development\sql2005-bridge\node_modules\tedious\lib\token\token-stream-parser.js:19:33)
        at Readable.emit (node:events:517:28)
        at addChunk (node:internal/streams/readable:335:12)
        at readableAddChunk (node:internal/streams/readable:308:9)
        at Readable.push (node:internal/streams/readable:245:10)
        at next (node:internal/streams/from:98:31) {
      code: 'EREQUEST',
      originalError: [Error],
      number: 102,
      lineNumber: 1,
      state: 1,
      class: 15,
      serverName: 'GATEWAYHO',
      procName: ''
    }
  ]
}
Error [ERR_HTTP_HEADERS_SENT]: Cannot set headers after they are sent to the client
    at new NodeError (node:internal/errors:405:5)
    at ServerResponse.setHeader (node:_http_outgoing:648:11)
    at ServerResponse.header (C:\Development\sql2005-bridge\node_modules\express\lib\response.js:684:10)
    at ServerResponse.send (C:\Development\sql2005-bridge\node_modules\express\lib\response.js:161:12)
    at file:///C:/Development/sql2005-bridge/server.js:86:21
    at Layer.handleRequest (C:\Development\sql2005-bridge\node_modules\router\lib\layer.js:152:17)
    at next (C:\Development\sql2005-bridge\node_modules\router\lib\route.js:157:13)
    at Route.dispatch (C:\Development\sql2005-bridge\node_modules\router\lib\route.js:117:3)
    at handle (C:\Development\sql2005-bridge\node_modules\router\index.js:435:11)
    at Layer.handleRequest (C:\Development\sql2005-bridge\node_modules\router\lib\layer.js:152:17)
Error [ERR_HTTP_HEADERS_SENT]: Cannot set headers after they are sent to the client
    at new NodeError (node:internal/errors:405:5)
    at ServerResponse.setHeader (node:_http_outgoing:648:11)
    at ServerResponse.header (C:\Development\sql2005-bridge\node_modules\express\lib\response.js:684:10)
    at ServerResponse.send (C:\Development\sql2005-bridge\node_modules\express\lib\response.js:161:12)
    at file:///C:/Development/sql2005-bridge/server.js:86:21
    at Layer.handleRequest (C:\Development\sql2005-bridge\node_modules\router\lib\layer.js:152:17)
    at next (C:\Development\sql2005-bridge\node_modules\router\lib\route.js:157:13)
    at Route.dispatch (C:\Development\sql2005-bridge\node_modules\router\lib\route.js:117:3)
    at handle (C:\Development\sql2005-bridge\node_modules\router\index.js:435:11)
    at Layer.handleRequest (C:\Development\sql2005-bridge\node_modules\router\lib\layer.js:152:17)
Error [ERR_HTTP_HEADERS_SENT]: Cannot set headers after they are sent to the client
    at new NodeError (node:internal/errors:405:5)
    at ServerResponse.setHeader (node:_http_outgoing:648:11)
    at ServerResponse.header (C:\Development\sql2005-bridge\node_modules\express\lib\response.js:684:10)
    at ServerResponse.send (C:\Development\sql2005-bridge\node_modules\express\lib\response.js:161:12)
    at file:///C:/Development/sql2005-bridge/server.js:86:21
    at Layer.handleRequest (C:\Development\sql2005-bridge\node_modules\router\lib\layer.js:152:17)
    at next (C:\Development\sql2005-bridge\node_modules\router\lib\route.js:157:13)
    at Route.dispatch (C:\Development\sql2005-bridge\node_modules\router\lib\route.js:117:3)
    at handle (C:\Development\sql2005-bridge\node_modules\router\index.js:435:11)
    at Layer.handleRequest (C:\Development\sql2005-bridge\node_modules\router\lib\layer.js:152:17)
Error [ERR_HTTP_HEADERS_SENT]: Cannot set headers after they are sent to the client
    at new NodeError (node:internal/errors:405:5)
    at ServerResponse.setHeader (node:_http_outgoing:648:11)
    at ServerResponse.header (C:\Development\sql2005-bridge\node_modules\express\lib\response.js:684:10)
    at ServerResponse.send (C:\Development\sql2005-bridge\node_modules\express\lib\response.js:161:12)
    at file:///C:/Development/sql2005-bridge/server.js:86:21
    at Layer.handleRequest (C:\Development\sql2005-bridge\node_modules\router\lib\layer.js:152:17)
    at next (C:\Development\sql2005-bridge\node_modules\router\lib\route.js:157:13)
    at Route.dispatch (C:\Development\sql2005-bridge\node_modules\router\lib\route.js:117:3)
    at handle (C:\Development\sql2005-bridge\node_modules\router\index.js:435:11)
    at Layer.handleRequest (C:\Development\sql2005-bridge\node_modules\router\lib\layer.js:152:17)
Error [ERR_HTTP_HEADERS_SENT]: Cannot set headers after they are sent to the client
    at new NodeError (node:internal/errors:405:5)
    at ServerResponse.setHeader (node:_http_outgoing:648:11)
    at ServerResponse.header (C:\Development\sql2005-bridge\node_modules\express\lib\response.js:684:10)
    at ServerResponse.send (C:\Development\sql2005-bridge\node_modules\express\lib\response.js:161:12)
    at file:///C:/Development/sql2005-bridge/server.js:86:21
    at Layer.handleRequest (C:\Development\sql2005-bridge\node_modules\router\lib\layer.js:152:17)
    at next (C:\Development\sql2005-bridge\node_modules\router\lib\route.js:157:13)
    at Route.dispatch (C:\Development\sql2005-bridge\node_modules\router\lib\route.js:117:3)
    at handle (C:\Development\sql2005-bridge\node_modules\router\index.js:435:11)
    at Layer.handleRequest (C:\Development\sql2005-bridge\node_modules\router\lib\layer.js:152:17)
RequestError: Missing end comment mark '*/'.
    at handleError (C:\Development\sql2005-bridge\node_modules\mssql\lib\tedious\request.js:384:15)
    at Connection.emit (node:events:517:28)
    at Connection.emit (C:\Development\sql2005-bridge\node_modules\tedious\lib\connection.js:970:18)
    at RequestTokenHandler.onErrorMessage (C:\Development\sql2005-bridge\node_modules\tedious\lib\token\handler.js:284:21)
    at Readable.<anonymous> (C:\Development\sql2005-bridge\node_modules\tedious\lib\token\token-stream-parser.js:19:33)
    at Readable.emit (node:events:517:28)
    at addChunk (node:internal/streams/readable:335:12)
    at readableAddChunk (node:internal/streams/readable:308:9)
    at Readable.push (node:internal/streams/readable:245:10)
    at next (node:internal/streams/from:98:31) {
  code: 'EREQUEST',
  originalError: Error: Missing end comment mark '*/'.
      at handleError (C:\Development\sql2005-bridge\node_modules\mssql\lib\tedious\request.js:382:19)
      at Connection.emit (node:events:517:28)
      at Connection.emit (C:\Development\sql2005-bridge\node_modules\tedious\lib\connection.js:970:18)
      at RequestTokenHandler.onErrorMessage (C:\Development\sql2005-bridge\node_modules\tedious\lib\token\handler.js:284:21)
      at Readable.<anonymous> (C:\Development\sql2005-bridge\node_modules\tedious\lib\token\token-stream-parser.js:19:33)
      at Readable.emit (node:events:517:28)
      at addChunk (node:internal/streams/readable:335:12)
      at readableAddChunk (node:internal/streams/readable:308:9)
      at Readable.push (node:internal/streams/readable:245:10)
      at next (node:internal/streams/from:98:31) {
    info: ErrorMessageToken {
      name: 'ERROR',
      handlerName: 'onErrorMessage',
      number: 113,
      state: 1,
      class: 15,
      message: "Missing end comment mark '*/'.",
      serverName: 'GATEWAYHO',
      procName: '',
      lineNumber: 3
    }
  },
  number: 113,
  lineNumber: 3,
  state: 1,
  class: 15,
  serverName: 'GATEWAYHO',
  procName: '',
  precedingErrors: [
    RequestError: Incorrect syntax near '*'.
        at handleError (C:\Development\sql2005-bridge\node_modules\mssql\lib\tedious\request.js:384:15)
        at Connection.emit (node:events:517:28)
        at Connection.emit (C:\Development\sql2005-bridge\node_modules\tedious\lib\connection.js:970:18)
        at RequestTokenHandler.onErrorMessage (C:\Development\sql2005-bridge\node_modules\tedious\lib\token\handler.js:284:21)
        at Readable.<anonymous> (C:\Development\sql2005-bridge\node_modules\tedious\lib\token\token-stream-parser.js:19:33)
        at Readable.emit (node:events:517:28)
        at addChunk (node:internal/streams/readable:335:12)
        at readableAddChunk (node:internal/streams/readable:308:9)
        at Readable.push (node:internal/streams/readable:245:10)
        at next (node:internal/streams/from:98:31) {
      code: 'EREQUEST',
      originalError: [Error],
      number: 102,
      lineNumber: 1,
      state: 1,
      class: 15,
      serverName: 'GATEWAYHO',
      procName: ''
    }
  ]
}
RequestError: Missing end comment mark '*/'.
    at handleError (C:\Development\sql2005-bridge\node_modules\mssql\lib\tedious\request.js:384:15)
    at Connection.emit (node:events:517:28)
    at Connection.emit (C:\Development\sql2005-bridge\node_modules\tedious\lib\connection.js:970:18)
    at RequestTokenHandler.onErrorMessage (C:\Development\sql2005-bridge\node_modules\tedious\lib\token\handler.js:284:21)
    at Readable.<anonymous> (C:\Development\sql2005-bridge\node_modules\tedious\lib\token\token-stream-parser.js:19:33)
    at Readable.emit (node:events:517:28)
    at addChunk (node:internal/streams/readable:335:12)
    at readableAddChunk (node:internal/streams/readable:308:9)
    at Readable.push (node:internal/streams/readable:245:10)
    at next (node:internal/streams/from:98:31) {
  code: 'EREQUEST',
  originalError: Error: Missing end comment mark '*/'.
      at handleError (C:\Development\sql2005-bridge\node_modules\mssql\lib\tedious\request.js:382:19)
      at Connection.emit (node:events:517:28)
      at Connection.emit (C:\Development\sql2005-bridge\node_modules\tedious\lib\connection.js:970:18)
      at RequestTokenHandler.onErrorMessage (C:\Development\sql2005-bridge\node_modules\tedious\lib\token\handler.js:284:21)
      at Readable.<anonymous> (C:\Development\sql2005-bridge\node_modules\tedious\lib\token\token-stream-parser.js:19:33)
      at Readable.emit (node:events:517:28)
      at addChunk (node:internal/streams/readable:335:12)
      at readableAddChunk (node:internal/streams/readable:308:9)
      at Readable.push (node:internal/streams/readable:245:10)
      at next (node:internal/streams/from:98:31) {
    info: ErrorMessageToken {
      name: 'ERROR',
      handlerName: 'onErrorMessage',
      number: 113,
      state: 1,
      class: 15,
      message: "Missing end comment mark '*/'.",
      serverName: 'GATEWAYHO',
      procName: '',
      lineNumber: 3
    }
  },
  number: 113,
  lineNumber: 3,
  state: 1,
  class: 15,
  serverName: 'GATEWAYHO',
  procName: '',
  precedingErrors: [
    RequestError: Incorrect syntax near '*'.
        at handleError (C:\Development\sql2005-bridge\node_modules\mssql\lib\tedious\request.js:384:15)
        at Connection.emit (node:events:517:28)
        at Connection.emit (C:\Development\sql2005-bridge\node_modules\tedious\lib\connection.js:970:18)
        at RequestTokenHandler.onErrorMessage (C:\Development\sql2005-bridge\node_modules\tedious\lib\token\handler.js:284:21)
        at Readable.<anonymous> (C:\Development\sql2005-bridge\node_modules\tedious\lib\token\token-stream-parser.js:19:33)
        at Readable.emit (node:events:517:28)
        at addChunk (node:internal/streams/readable:335:12)
        at readableAddChunk (node:internal/streams/readable:308:9)
        at Readable.push (node:internal/streams/readable:245:10)
        at next (node:internal/streams/from:98:31) {
      code: 'EREQUEST',
      originalError: [Error],
      number: 102,
      lineNumber: 1,
      state: 1,
      class: 15,
      serverName: 'GATEWAYHO',
      procName: ''
    }
  ]
}
RequestError: Incorrect syntax near 'dbo'.
    at handleError (C:\Development\sql2005-bridge\node_modules\mssql\lib\tedious\request.js:384:15)
    at Connection.emit (node:events:517:28)
    at Connection.emit (C:\Development\sql2005-bridge\node_modules\tedious\lib\connection.js:970:18)
    at RequestTokenHandler.onErrorMessage (C:\Development\sql2005-bridge\node_modules\tedious\lib\token\handler.js:284:21)
    at Readable.<anonymous> (C:\Development\sql2005-bridge\node_modules\tedious\lib\token\token-stream-parser.js:19:33)
    at Readable.emit (node:events:517:28)
    at addChunk (node:internal/streams/readable:335:12)
    at readableAddChunk (node:internal/streams/readable:308:9)
    at Readable.push (node:internal/streams/readable:245:10)
    at next (node:internal/streams/from:98:31) {
  code: 'EREQUEST',
  originalError: Error: Incorrect syntax near 'dbo'.
      at handleError (C:\Development\sql2005-bridge\node_modules\mssql\lib\tedious\request.js:382:19)
      at Connection.emit (node:events:517:28)
      at Connection.emit (C:\Development\sql2005-bridge\node_modules\tedious\lib\connection.js:970:18)
      at RequestTokenHandler.onErrorMessage (C:\Development\sql2005-bridge\node_modules\tedious\lib\token\handler.js:284:21)
      at Readable.<anonymous> (C:\Development\sql2005-bridge\node_modules\tedious\lib\token\token-stream-parser.js:19:33)
      at Readable.emit (node:events:517:28)
      at addChunk (node:internal/streams/readable:335:12)
      at readableAddChunk (node:internal/streams/readable:308:9)
      at Readable.push (node:internal/streams/readable:245:10)
      at next (node:internal/streams/from:98:31) {
    info: ErrorMessageToken {
      name: 'ERROR',
      handlerName: 'onErrorMessage',
      number: 102,
      state: 1,
      class: 15,
      message: "Incorrect syntax near 'dbo'.",
      serverName: 'GATEWAYHO',
      procName: '',
      lineNumber: 1
    }
  },
  number: 102,
  lineNumber: 1,
  state: 1,
  class: 15,
  serverName: 'GATEWAYHO',
  procName: '',
  precedingErrors: []
}
RequestError: Incorrect syntax near 'dbo'.
    at handleError (C:\Development\sql2005-bridge\node_modules\mssql\lib\tedious\request.js:384:15)
    at Connection.emit (node:events:517:28)
    at Connection.emit (C:\Development\sql2005-bridge\node_modules\tedious\lib\connection.js:970:18)
    at RequestTokenHandler.onErrorMessage (C:\Development\sql2005-bridge\node_modules\tedious\lib\token\handler.js:284:21)
    at Readable.<anonymous> (C:\Development\sql2005-bridge\node_modules\tedious\lib\token\token-stream-parser.js:19:33)
    at Readable.emit (node:events:517:28)
    at addChunk (node:internal/streams/readable:335:12)
    at readableAddChunk (node:internal/streams/readable:308:9)
    at Readable.push (node:internal/streams/readable:245:10)
    at next (node:internal/streams/from:98:31) {
  code: 'EREQUEST',
  originalError: Error: Incorrect syntax near 'dbo'.
      at handleError (C:\Development\sql2005-bridge\node_modules\mssql\lib\tedious\request.js:382:19)
      at Connection.emit (node:events:517:28)
      at Connection.emit (C:\Development\sql2005-bridge\node_modules\tedious\lib\connection.js:970:18)
      at RequestTokenHandler.onErrorMessage (C:\Development\sql2005-bridge\node_modules\tedious\lib\token\handler.js:284:21)
      at Readable.<anonymous> (C:\Development\sql2005-bridge\node_modules\tedious\lib\token\token-stream-parser.js:19:33)
      at Readable.emit (node:events:517:28)
      at addChunk (node:internal/streams/readable:335:12)
      at readableAddChunk (node:internal/streams/readable:308:9)
      at Readable.push (node:internal/streams/readable:245:10)
      at next (node:internal/streams/from:98:31) {
    info: ErrorMessageToken {
      name: 'ERROR',
      handlerName: 'onErrorMessage',
      number: 102,
      state: 1,
      class: 15,
      message: "Incorrect syntax near 'dbo'.",
      serverName: 'GATEWAYHO',
      procName: '',
      lineNumber: 1
    }
  },
  number: 102,
  lineNumber: 1,
  state: 1,
  class: 15,
  serverName: 'GATEWAYHO',
  procName: '',
  precedingErrors: []
}
RequestError: Incorrect syntax near 'dbo'.
    at handleError (C:\Development\sql2005-bridge\node_modules\mssql\lib\tedious\request.js:384:15)
    at Connection.emit (node:events:517:28)
    at Connection.emit (C:\Development\sql2005-bridge\node_modules\tedious\lib\connection.js:970:18)
    at RequestTokenHandler.onErrorMessage (C:\Development\sql2005-bridge\node_modules\tedious\lib\token\handler.js:284:21)
    at Readable.<anonymous> (C:\Development\sql2005-bridge\node_modules\tedious\lib\token\token-stream-parser.js:19:33)
    at Readable.emit (node:events:517:28)
    at addChunk (node:internal/streams/readable:335:12)
    at readableAddChunk (node:internal/streams/readable:308:9)
    at Readable.push (node:internal/streams/readable:245:10)
    at next (node:internal/streams/from:98:31) {
  code: 'EREQUEST',
  originalError: Error: Incorrect syntax near 'dbo'.
      at handleError (C:\Development\sql2005-bridge\node_modules\mssql\lib\tedious\request.js:382:19)
      at Connection.emit (node:events:517:28)
      at Connection.emit (C:\Development\sql2005-bridge\node_modules\tedious\lib\connection.js:970:18)
      at RequestTokenHandler.onErrorMessage (C:\Development\sql2005-bridge\node_modules\tedious\lib\token\handler.js:284:21)
      at Readable.<anonymous> (C:\Development\sql2005-bridge\node_modules\tedious\lib\token\token-stream-parser.js:19:33)
      at Readable.emit (node:events:517:28)
      at addChunk (node:internal/streams/readable:335:12)
      at readableAddChunk (node:internal/streams/readable:308:9)
      at Readable.push (node:internal/streams/readable:245:10)
      at next (node:internal/streams/from:98:31) {
    info: ErrorMessageToken {
      name: 'ERROR',
      handlerName: 'onErrorMessage',
      number: 102,
      state: 1,
      class: 15,
      message: "Incorrect syntax near 'dbo'.",
      serverName: 'GATEWAYHO',
      procName: '',
      lineNumber: 1
    }
  },
  number: 102,
  lineNumber: 1,
  state: 1,
  class: 15,
  serverName: 'GATEWAYHO',
  procName: '',
  precedingErrors: []
}
RequestError: Incorrect syntax near 'Staging'.
    at handleError (C:\Development\sql2005-bridge\node_modules\mssql\lib\tedious\request.js:384:15)
    at Connection.emit (node:events:517:28)
    at Connection.emit (C:\Development\sql2005-bridge\node_modules\tedious\lib\connection.js:970:18)
    at RequestTokenHandler.onErrorMessage (C:\Development\sql2005-bridge\node_modules\tedious\lib\token\handler.js:284:21)
    at Readable.<anonymous> (C:\Development\sql2005-bridge\node_modules\tedious\lib\token\token-stream-parser.js:19:33)
    at Readable.emit (node:events:517:28)
    at addChunk (node:internal/streams/readable:335:12)
    at readableAddChunk (node:internal/streams/readable:308:9)
    at Readable.push (node:internal/streams/readable:245:10)
    at next (node:internal/streams/from:98:31) {
  code: 'EREQUEST',
  originalError: Error: Incorrect syntax near 'Staging'.
      at handleError (C:\Development\sql2005-bridge\node_modules\mssql\lib\tedious\request.js:382:19)
      at Connection.emit (node:events:517:28)
      at Connection.emit (C:\Development\sql2005-bridge\node_modules\tedious\lib\connection.js:970:18)
      at RequestTokenHandler.onErrorMessage (C:\Development\sql2005-bridge\node_modules\tedious\lib\token\handler.js:284:21)
      at Readable.<anonymous> (C:\Development\sql2005-bridge\node_modules\tedious\lib\token\token-stream-parser.js:19:33)
      at Readable.emit (node:events:517:28)
      at addChunk (node:internal/streams/readable:335:12)
      at readableAddChunk (node:internal/streams/readable:308:9)
      at Readable.push (node:internal/streams/readable:245:10)
      at next (node:internal/streams/from:98:31) {
    info: ErrorMessageToken {
      name: 'ERROR',
      handlerName: 'onErrorMessage',
      number: 102,
      state: 1,
      class: 15,
      message: "Incorrect syntax near 'Staging'.",
      serverName: 'GATEWAYHO',
      procName: '',
      lineNumber: 1
    }
  },
  number: 102,
  lineNumber: 1,
  state: 1,
  class: 15,
  serverName: 'GATEWAYHO',
  procName: '',
  precedingErrors: []
}
Error [ERR_HTTP_HEADERS_SENT]: Cannot set headers after they are sent to the client
    at new NodeError (node:internal/errors:405:5)
    at ServerResponse.setHeader (node:_http_outgoing:648:11)
    at ServerResponse.header (C:\Development\sql2005-bridge\node_modules\express\lib\response.js:684:10)
    at ServerResponse.send (C:\Development\sql2005-bridge\node_modules\express\lib\response.js:161:12)
    at file:///C:/Development/sql2005-bridge/server.js:86:21
    at Layer.handleRequest (C:\Development\sql2005-bridge\node_modules\router\lib\layer.js:152:17)
    at next (C:\Development\sql2005-bridge\node_modules\router\lib\route.js:157:13)
    at Route.dispatch (C:\Development\sql2005-bridge\node_modules\router\lib\route.js:117:3)
    at handle (C:\Development\sql2005-bridge\node_modules\router\index.js:435:11)
    at Layer.handleRequest (C:\Development\sql2005-bridge\node_modules\router\lib\layer.js:152:17)
SQL error: ConnectionError: Failed to connect to GATEWAYHO:1433 - getaddrinfo ENOTFOUND gatewayho
    at C:\Development\sql2005-bridge\node_modules\mssql\lib\tedious\connection-pool.js:85:17
    at Connection.onConnect (C:\Development\sql2005-bridge\node_modules\tedious\lib\connection.js:849:9)
    at Object.onceWrapper (node:events:632:26)
    at Connection.emit (node:events:517:28)
    at Connection.emit (C:\Development\sql2005-bridge\node_modules\tedious\lib\connection.js:970:18)
    at Connection.socketError (C:\Development\sql2005-bridge\node_modules\tedious\lib\connection.js:1353:12)
    at C:\Development\sql2005-bridge\node_modules\tedious\lib\connection.js:1146:14
    at process.processTicksAndRejections (node:internal/process/task_queues:77:11) {
  code: 'ESOCKET',
  originalError: ConnectionError: Failed to connect to GATEWAYHO:1433 - getaddrinfo ENOTFOUND gatewayho
      at Connection.socketError (C:\Development\sql2005-bridge\node_modules\tedious\lib\connection.js:1353:28)
      at C:\Development\sql2005-bridge\node_modules\tedious\lib\connection.js:1146:14
      at process.processTicksAndRejections (node:internal/process/task_queues:77:11) {
    code: 'ESOCKET',
    [cause]: Error: getaddrinfo ENOTFOUND gatewayho
        at GetAddrInfoReqWrap.onlookupall [as oncomplete] (node:dns:119:26) {
      errno: -3008,
      code: 'ENOTFOUND',
      syscall: 'getaddrinfo',
      hostname: 'gatewayho'
    }
  }
}
SQL error: ConnectionError: Failed to connect to GATEWAYHO:1433 - getaddrinfo ENOTFOUND gatewayho
    at C:\Development\sql2005-bridge\node_modules\mssql\lib\tedious\connection-pool.js:85:17
    at Connection.onConnect (C:\Development\sql2005-bridge\node_modules\tedious\lib\connection.js:849:9)
    at Object.onceWrapper (node:events:632:26)
    at Connection.emit (node:events:517:28)
    at Connection.emit (C:\Development\sql2005-bridge\node_modules\tedious\lib\connection.js:970:18)
    at Connection.socketError (C:\Development\sql2005-bridge\node_modules\tedious\lib\connection.js:1353:12)
    at C:\Development\sql2005-bridge\node_modules\tedious\lib\connection.js:1146:14
    at process.processTicksAndRejections (node:internal/process/task_queues:77:11) {
  code: 'ESOCKET',
  originalError: ConnectionError: Failed to connect to GATEWAYHO:1433 - getaddrinfo ENOTFOUND gatewayho
      at Connection.socketError (C:\Development\sql2005-bridge\node_modules\tedious\lib\connection.js:1353:28)
      at C:\Development\sql2005-bridge\node_modules\tedious\lib\connection.js:1146:14
      at process.processTicksAndRejections (node:internal/process/task_queues:77:11) {
    code: 'ESOCKET',
    [cause]: Error: getaddrinfo ENOTFOUND gatewayho
        at GetAddrInfoReqWrap.onlookupall [as oncomplete] (node:dns:119:26) {
      errno: -3008,
      code: 'ENOTFOUND',
      syscall: 'getaddrinfo',
      hostname: 'gatewayho'
    }
  }
}
SQL error: ConnectionError: Failed to connect to GATEWAYHO:1433 - getaddrinfo ENOTFOUND gatewayho
    at C:\Development\sql2005-bridge\node_modules\mssql\lib\tedious\connection-pool.js:85:17
    at Connection.onConnect (C:\Development\sql2005-bridge\node_modules\tedious\lib\connection.js:849:9)
    at Object.onceWrapper (node:events:632:26)
    at Connection.emit (node:events:517:28)
    at Connection.emit (C:\Development\sql2005-bridge\node_modules\tedious\lib\connection.js:970:18)
    at Connection.socketError (C:\Development\sql2005-bridge\node_modules\tedious\lib\connection.js:1353:12)
    at C:\Development\sql2005-bridge\node_modules\tedious\lib\connection.js:1146:14
    at process.processTicksAndRejections (node:internal/process/task_queues:77:11) {
  code: 'ESOCKET',
  originalError: ConnectionError: Failed to connect to GATEWAYHO:1433 - getaddrinfo ENOTFOUND gatewayho
      at Connection.socketError (C:\Development\sql2005-bridge\node_modules\tedious\lib\connection.js:1353:28)
      at C:\Development\sql2005-bridge\node_modules\tedious\lib\connection.js:1146:14
      at process.processTicksAndRejections (node:internal/process/task_queues:77:11) {
    code: 'ESOCKET',
    [cause]: Error: getaddrinfo ENOTFOUND gatewayho
        at GetAddrInfoReqWrap.onlookupall [as oncomplete] (node:dns:119:26) {
      errno: -3008,
      code: 'ENOTFOUND',
      syscall: 'getaddrinfo',
      hostname: 'gatewayho'
    }
  }
}
SQL error: ConnectionError: Failed to connect to GATEWAYHO:1433 - getaddrinfo ENOTFOUND gatewayho
    at C:\Development\sql2005-bridge\node_modules\mssql\lib\tedious\connection-pool.js:85:17
    at Connection.onConnect (C:\Development\sql2005-bridge\node_modules\tedious\lib\connection.js:849:9)
    at Object.onceWrapper (node:events:632:26)
    at Connection.emit (node:events:517:28)
    at Connection.emit (C:\Development\sql2005-bridge\node_modules\tedious\lib\connection.js:970:18)
    at Connection.socketError (C:\Development\sql2005-bridge\node_modules\tedious\lib\connection.js:1353:12)
    at C:\Development\sql2005-bridge\node_modules\tedious\lib\connection.js:1146:14
    at process.processTicksAndRejections (node:internal/process/task_queues:77:11) {
  code: 'ESOCKET',
  originalError: ConnectionError: Failed to connect to GATEWAYHO:1433 - getaddrinfo ENOTFOUND gatewayho
      at Connection.socketError (C:\Development\sql2005-bridge\node_modules\tedious\lib\connection.js:1353:28)
      at C:\Development\sql2005-bridge\node_modules\tedious\lib\connection.js:1146:14
      at process.processTicksAndRejections (node:internal/process/task_queues:77:11) {
    code: 'ESOCKET',
    [cause]: Error: getaddrinfo ENOTFOUND gatewayho
        at GetAddrInfoReqWrap.onlookupall [as oncomplete] (node:dns:119:26) {
      errno: -3008,
      code: 'ENOTFOUND',
      syscall: 'getaddrinfo',
      hostname: 'gatewayho'
    }
  }
}
RequestError: Invalid column name 'ewaldid'.
    at handleError (C:\Development\sql2005-bridge\node_modules\mssql\lib\tedious\request.js:384:15)
    at Connection.emit (node:events:517:28)
    at Connection.emit (C:\Development\sql2005-bridge\node_modules\tedious\lib\connection.js:970:18)
    at RequestTokenHandler.onErrorMessage (C:\Development\sql2005-bridge\node_modules\tedious\lib\token\handler.js:284:21)
    at Readable.<anonymous> (C:\Development\sql2005-bridge\node_modules\tedious\lib\token\token-stream-parser.js:19:33)
    at Readable.emit (node:events:517:28)
    at addChunk (node:internal/streams/readable:335:12)
    at readableAddChunk (node:internal/streams/readable:308:9)
    at Readable.push (node:internal/streams/readable:245:10)
    at next (node:internal/streams/from:98:31) {
  code: 'EREQUEST',
  originalError: Error: Invalid column name 'ewaldid'.
      at handleError (C:\Development\sql2005-bridge\node_modules\mssql\lib\tedious\request.js:382:19)
      at Connection.emit (node:events:517:28)
      at Connection.emit (C:\Development\sql2005-bridge\node_modules\tedious\lib\connection.js:970:18)
      at RequestTokenHandler.onErrorMessage (C:\Development\sql2005-bridge\node_modules\tedious\lib\token\handler.js:284:21)
      at Readable.<anonymous> (C:\Development\sql2005-bridge\node_modules\tedious\lib\token\token-stream-parser.js:19:33)
      at Readable.emit (node:events:517:28)
      at addChunk (node:internal/streams/readable:335:12)
      at readableAddChunk (node:internal/streams/readable:308:9)
      at Readable.push (node:internal/streams/readable:245:10)
      at next (node:internal/streams/from:98:31) {
    info: ErrorMessageToken {
      name: 'ERROR',
      handlerName: 'onErrorMessage',
      number: 207,
      state: 1,
      class: 16,
      message: "Invalid column name 'ewaldid'.",
      serverName: 'GATEWAYHO',
      procName: '',
      lineNumber: 1
    }
  },
  number: 207,
  lineNumber: 1,
  state: 1,
  class: 16,
  serverName: 'GATEWAYHO',
  procName: '',
  precedingErrors: []
}
RequestError: Invalid column name 'ewaldbatch'.
    at handleError (C:\Development\sql2005-bridge\node_modules\mssql\lib\tedious\request.js:384:15)
    at Connection.emit (node:events:517:28)
    at Connection.emit (C:\Development\sql2005-bridge\node_modules\tedious\lib\connection.js:970:18)
    at RequestTokenHandler.onErrorMessage (C:\Development\sql2005-bridge\node_modules\tedious\lib\token\handler.js:284:21)
    at Readable.<anonymous> (C:\Development\sql2005-bridge\node_modules\tedious\lib\token\token-stream-parser.js:19:33)
    at Readable.emit (node:events:517:28)
    at addChunk (node:internal/streams/readable:335:12)
    at readableAddChunk (node:internal/streams/readable:308:9)
    at Readable.push (node:internal/streams/readable:245:10)
    at next (node:internal/streams/from:98:31) {
  code: 'EREQUEST',
  originalError: Error: Invalid column name 'ewaldbatch'.
      at handleError (C:\Development\sql2005-bridge\node_modules\mssql\lib\tedious\request.js:382:19)
      at Connection.emit (node:events:517:28)
      at Connection.emit (C:\Development\sql2005-bridge\node_modules\tedious\lib\connection.js:970:18)
      at RequestTokenHandler.onErrorMessage (C:\Development\sql2005-bridge\node_modules\tedious\lib\token\handler.js:284:21)
      at Readable.<anonymous> (C:\Development\sql2005-bridge\node_modules\tedious\lib\token\token-stream-parser.js:19:33)
      at Readable.emit (node:events:517:28)
      at addChunk (node:internal/streams/readable:335:12)
      at readableAddChunk (node:internal/streams/readable:308:9)
      at Readable.push (node:internal/streams/readable:245:10)
      at next (node:internal/streams/from:98:31) {
    info: ErrorMessageToken {
      name: 'ERROR',
      handlerName: 'onErrorMessage',
      number: 207,
      state: 1,
      class: 16,
      message: "Invalid column name 'ewaldbatch'.",
      serverName: 'GATEWAYHO',
      procName: '',
      lineNumber: 1
    }
  },
  number: 207,
  lineNumber: 1,
  state: 1,
  class: 16,
  serverName: 'GATEWAYHO',
  procName: '',
  precedingErrors: []
}
RequestError: Incorrect syntax near '/'.
    at handleError (C:\Development\sql2005-bridge\node_modules\mssql\lib\tedious\request.js:384:15)
    at Connection.emit (node:events:517:28)
    at Connection.emit (C:\Development\sql2005-bridge\node_modules\tedious\lib\connection.js:970:18)
    at RequestTokenHandler.onErrorMessage (C:\Development\sql2005-bridge\node_modules\tedious\lib\token\handler.js:284:21)
    at Readable.<anonymous> (C:\Development\sql2005-bridge\node_modules\tedious\lib\token\token-stream-parser.js:19:33)
    at Readable.emit (node:events:517:28)
    at addChunk (node:internal/streams/readable:335:12)
    at readableAddChunk (node:internal/streams/readable:308:9)
    at Readable.push (node:internal/streams/readable:245:10)
    at next (node:internal/streams/from:98:31) {
  code: 'EREQUEST',
  originalError: Error: Incorrect syntax near '/'.
      at handleError (C:\Development\sql2005-bridge\node_modules\mssql\lib\tedious\request.js:382:19)
      at Connection.emit (node:events:517:28)
      at Connection.emit (C:\Development\sql2005-bridge\node_modules\tedious\lib\connection.js:970:18)
      at RequestTokenHandler.onErrorMessage (C:\Development\sql2005-bridge\node_modules\tedious\lib\token\handler.js:284:21)
      at Readable.<anonymous> (C:\Development\sql2005-bridge\node_modules\tedious\lib\token\token-stream-parser.js:19:33)
      at Readable.emit (node:events:517:28)
      at addChunk (node:internal/streams/readable:335:12)
      at readableAddChunk (node:internal/streams/readable:308:9)
      at Readable.push (node:internal/streams/readable:245:10)
      at next (node:internal/streams/from:98:31) {
    info: ErrorMessageToken {
      name: 'ERROR',
      handlerName: 'onErrorMessage',
      number: 102,
      state: 1,
      class: 15,
      message: "Incorrect syntax near '/'.",
      serverName: 'GATEWAYHO',
      procName: '',
      lineNumber: 2
    }
  },
  number: 102,
  lineNumber: 2,
  state: 1,
  class: 15,
  serverName: 'GATEWAYHO',
  procName: '',
  precedingErrors: []
}
RequestError: Incorrect syntax near '/'.
    at handleError (C:\Development\sql2005-bridge\node_modules\mssql\lib\tedious\request.js:384:15)
    at Connection.emit (node:events:517:28)
    at Connection.emit (C:\Development\sql2005-bridge\node_modules\tedious\lib\connection.js:970:18)
    at RequestTokenHandler.onErrorMessage (C:\Development\sql2005-bridge\node_modules\tedious\lib\token\handler.js:284:21)
    at Readable.<anonymous> (C:\Development\sql2005-bridge\node_modules\tedious\lib\token\token-stream-parser.js:19:33)
    at Readable.emit (node:events:517:28)
    at addChunk (node:internal/streams/readable:335:12)
    at readableAddChunk (node:internal/streams/readable:308:9)
    at Readable.push (node:internal/streams/readable:245:10)
    at next (node:internal/streams/from:98:31) {
  code: 'EREQUEST',
  originalError: Error: Incorrect syntax near '/'.
      at handleError (C:\Development\sql2005-bridge\node_modules\mssql\lib\tedious\request.js:382:19)
      at Connection.emit (node:events:517:28)
      at Connection.emit (C:\Development\sql2005-bridge\node_modules\tedious\lib\connection.js:970:18)
      at RequestTokenHandler.onErrorMessage (C:\Development\sql2005-bridge\node_modules\tedious\lib\token\handler.js:284:21)
      at Readable.<anonymous> (C:\Development\sql2005-bridge\node_modules\tedious\lib\token\token-stream-parser.js:19:33)
      at Readable.emit (node:events:517:28)
      at addChunk (node:internal/streams/readable:335:12)
      at readableAddChunk (node:internal/streams/readable:308:9)
      at Readable.push (node:internal/streams/readable:245:10)
      at next (node:internal/streams/from:98:31) {
    info: ErrorMessageToken {
      name: 'ERROR',
      handlerName: 'onErrorMessage',
      number: 102,
      state: 1,
      class: 15,
      message: "Incorrect syntax near '/'.",
      serverName: 'GATEWAYHO',
      procName: '',
      lineNumber: 2
    }
  },
  number: 102,
  lineNumber: 2,
  state: 1,
  class: 15,
  serverName: 'GATEWAYHO',
  procName: '',
  precedingErrors: []
}
RequestError: Invalid column name 'sap'.
    at handleError (C:\Development\sql2005-bridge\node_modules\mssql\lib\tedious\request.js:384:15)
    at Connection.emit (node:events:517:28)
    at Connection.emit (C:\Development\sql2005-bridge\node_modules\tedious\lib\connection.js:970:18)
    at RequestTokenHandler.onErrorMessage (C:\Development\sql2005-bridge\node_modules\tedious\lib\token\handler.js:284:21)
    at Readable.<anonymous> (C:\Development\sql2005-bridge\node_modules\tedious\lib\token\token-stream-parser.js:19:33)
    at Readable.emit (node:events:517:28)
    at addChunk (node:internal/streams/readable:335:12)
    at readableAddChunk (node:internal/streams/readable:308:9)
    at Readable.push (node:internal/streams/readable:245:10)
    at next (node:internal/streams/from:98:31) {
  code: 'EREQUEST',
  originalError: Error: Invalid column name 'sap'.
      at handleError (C:\Development\sql2005-bridge\node_modules\mssql\lib\tedious\request.js:382:19)
      at Connection.emit (node:events:517:28)
      at Connection.emit (C:\Development\sql2005-bridge\node_modules\tedious\lib\connection.js:970:18)
      at RequestTokenHandler.onErrorMessage (C:\Development\sql2005-bridge\node_modules\tedious\lib\token\handler.js:284:21)
      at Readable.<anonymous> (C:\Development\sql2005-bridge\node_modules\tedious\lib\token\token-stream-parser.js:19:33)
      at Readable.emit (node:events:517:28)
      at addChunk (node:internal/streams/readable:335:12)
      at readableAddChunk (node:internal/streams/readable:308:9)
      at Readable.push (node:internal/streams/readable:245:10)
      at next (node:internal/streams/from:98:31) {
    info: ErrorMessageToken {
      name: 'ERROR',
      handlerName: 'onErrorMessage',
      number: 207,
      state: 1,
      class: 16,
      message: "Invalid column name 'sap'.",
      serverName: 'GATEWAYHO',
      procName: '',
      lineNumber: 4
    }
  },
  number: 207,
  lineNumber: 4,
  state: 1,
  class: 16,
  serverName: 'GATEWAYHO',
  procName: '',
  precedingErrors: []
}
RequestError: Invalid column name 'sapbatch'.
    at handleError (C:\Development\sql2005-bridge\node_modules\mssql\lib\tedious\request.js:384:15)
    at Connection.emit (node:events:517:28)
    at Connection.emit (C:\Development\sql2005-bridge\node_modules\tedious\lib\connection.js:970:18)
    at RequestTokenHandler.onErrorMessage (C:\Development\sql2005-bridge\node_modules\tedious\lib\token\handler.js:284:21)
    at Readable.<anonymous> (C:\Development\sql2005-bridge\node_modules\tedious\lib\token\token-stream-parser.js:19:33)
    at Readable.emit (node:events:517:28)
    at addChunk (node:internal/streams/readable:335:12)
    at readableAddChunk (node:internal/streams/readable:308:9)
    at Readable.push (node:internal/streams/readable:245:10)
    at next (node:internal/streams/from:98:31) {
  code: 'EREQUEST',
  originalError: Error: Invalid column name 'sapbatch'.
      at handleError (C:\Development\sql2005-bridge\node_modules\mssql\lib\tedious\request.js:382:19)
      at Connection.emit (node:events:517:28)
      at Connection.emit (C:\Development\sql2005-bridge\node_modules\tedious\lib\connection.js:970:18)
      at RequestTokenHandler.onErrorMessage (C:\Development\sql2005-bridge\node_modules\tedious\lib\token\handler.js:284:21)
      at Readable.<anonymous> (C:\Development\sql2005-bridge\node_modules\tedious\lib\token\token-stream-parser.js:19:33)
      at Readable.emit (node:events:517:28)
      at addChunk (node:internal/streams/readable:335:12)
      at readableAddChunk (node:internal/streams/readable:308:9)
      at Readable.push (node:internal/streams/readable:245:10)
      at next (node:internal/streams/from:98:31) {
    info: ErrorMessageToken {
      name: 'ERROR',
      handlerName: 'onErrorMessage',
      number: 207,
      state: 1,
      class: 16,
      message: "Invalid column name 'sapbatch'.",
      serverName: 'GATEWAYHO',
      procName: '',
      lineNumber: 4
    }
  },
  number: 207,
  lineNumber: 4,
  state: 1,
  class: 16,
  serverName: 'GATEWAYHO',
  procName: '',
  precedingErrors: []
}
RequestError: Invalid column name 'sapbatch'.
    at handleError (C:\Development\sql2005-bridge\node_modules\mssql\lib\tedious\request.js:384:15)
    at Connection.emit (node:events:517:28)
    at Connection.emit (C:\Development\sql2005-bridge\node_modules\tedious\lib\connection.js:970:18)
    at RequestTokenHandler.onErrorMessage (C:\Development\sql2005-bridge\node_modules\tedious\lib\token\handler.js:284:21)
    at Readable.<anonymous> (C:\Development\sql2005-bridge\node_modules\tedious\lib\token\token-stream-parser.js:19:33)
    at Readable.emit (node:events:517:28)
    at addChunk (node:internal/streams/readable:335:12)
    at readableAddChunk (node:internal/streams/readable:308:9)
    at Readable.push (node:internal/streams/readable:245:10)
    at next (node:internal/streams/from:98:31) {
  code: 'EREQUEST',
  originalError: Error: Invalid column name 'sapbatch'.
      at handleError (C:\Development\sql2005-bridge\node_modules\mssql\lib\tedious\request.js:382:19)
      at Connection.emit (node:events:517:28)
      at Connection.emit (C:\Development\sql2005-bridge\node_modules\tedious\lib\connection.js:970:18)
      at RequestTokenHandler.onErrorMessage (C:\Development\sql2005-bridge\node_modules\tedious\lib\token\handler.js:284:21)
      at Readable.<anonymous> (C:\Development\sql2005-bridge\node_modules\tedious\lib\token\token-stream-parser.js:19:33)
      at Readable.emit (node:events:517:28)
      at addChunk (node:internal/streams/readable:335:12)
      at readableAddChunk (node:internal/streams/readable:308:9)
      at Readable.push (node:internal/streams/readable:245:10)
      at next (node:internal/streams/from:98:31) {
    info: ErrorMessageToken {
      name: 'ERROR',
      handlerName: 'onErrorMessage',
      number: 207,
      state: 1,
      class: 16,
      message: "Invalid column name 'sapbatch'.",
      serverName: 'GATEWAYHO',
      procName: '',
      lineNumber: 5
    }
  },
  number: 207,
  lineNumber: 5,
  state: 1,
  class: 16,
  serverName: 'GATEWAYHO',
  procName: '',
  precedingErrors: []
}
RequestError: Invalid column name 'sap'.
    at handleError (C:\Development\sql2005-bridge\node_modules\mssql\lib\tedious\request.js:384:15)
    at Connection.emit (node:events:517:28)
    at Connection.emit (C:\Development\sql2005-bridge\node_modules\tedious\lib\connection.js:970:18)
    at RequestTokenHandler.onErrorMessage (C:\Development\sql2005-bridge\node_modules\tedious\lib\token\handler.js:284:21)
    at Readable.<anonymous> (C:\Development\sql2005-bridge\node_modules\tedious\lib\token\token-stream-parser.js:19:33)
    at Readable.emit (node:events:517:28)
    at addChunk (node:internal/streams/readable:335:12)
    at readableAddChunk (node:internal/streams/readable:308:9)
    at Readable.push (node:internal/streams/readable:245:10)
    at next (node:internal/streams/from:98:31) {
  code: 'EREQUEST',
  originalError: Error: Invalid column name 'sap'.
      at handleError (C:\Development\sql2005-bridge\node_modules\mssql\lib\tedious\request.js:382:19)
      at Connection.emit (node:events:517:28)
      at Connection.emit (C:\Development\sql2005-bridge\node_modules\tedious\lib\connection.js:970:18)
      at RequestTokenHandler.onErrorMessage (C:\Development\sql2005-bridge\node_modules\tedious\lib\token\handler.js:284:21)
      at Readable.<anonymous> (C:\Development\sql2005-bridge\node_modules\tedious\lib\token\token-stream-parser.js:19:33)
      at Readable.emit (node:events:517:28)
      at addChunk (node:internal/streams/readable:335:12)
      at readableAddChunk (node:internal/streams/readable:308:9)
      at Readable.push (node:internal/streams/readable:245:10)
      at next (node:internal/streams/from:98:31) {
    info: ErrorMessageToken {
      name: 'ERROR',
      handlerName: 'onErrorMessage',
      number: 207,
      state: 1,
      class: 16,
      message: "Invalid column name 'sap'.",
      serverName: 'GATEWAYHO',
      procName: '',
      lineNumber: 5
    }
  },
  number: 207,
  lineNumber: 5,
  state: 1,
  class: 16,
  serverName: 'GATEWAYHO',
  procName: '',
  precedingErrors: []
}
RequestError: Invalid column name 'sap'.
    at handleError (C:\Development\sql2005-bridge\node_modules\mssql\lib\tedious\request.js:384:15)
    at Connection.emit (node:events:517:28)
    at Connection.emit (C:\Development\sql2005-bridge\node_modules\tedious\lib\connection.js:970:18)
    at RequestTokenHandler.onErrorMessage (C:\Development\sql2005-bridge\node_modules\tedious\lib\token\handler.js:284:21)
    at Readable.<anonymous> (C:\Development\sql2005-bridge\node_modules\tedious\lib\token\token-stream-parser.js:19:33)
    at Readable.emit (node:events:517:28)
    at addChunk (node:internal/streams/readable:335:12)
    at readableAddChunk (node:internal/streams/readable:308:9)
    at Readable.push (node:internal/streams/readable:245:10)
    at next (node:internal/streams/from:98:31) {
  code: 'EREQUEST',
  originalError: Error: Invalid column name 'sap'.
      at handleError (C:\Development\sql2005-bridge\node_modules\mssql\lib\tedious\request.js:382:19)
      at Connection.emit (node:events:517:28)
      at Connection.emit (C:\Development\sql2005-bridge\node_modules\tedious\lib\connection.js:970:18)
      at RequestTokenHandler.onErrorMessage (C:\Development\sql2005-bridge\node_modules\tedious\lib\token\handler.js:284:21)
      at Readable.<anonymous> (C:\Development\sql2005-bridge\node_modules\tedious\lib\token\token-stream-parser.js:19:33)
      at Readable.emit (node:events:517:28)
      at addChunk (node:internal/streams/readable:335:12)
      at readableAddChunk (node:internal/streams/readable:308:9)
      at Readable.push (node:internal/streams/readable:245:10)
      at next (node:internal/streams/from:98:31) {
    info: ErrorMessageToken {
      name: 'ERROR',
      handlerName: 'onErrorMessage',
      number: 207,
      state: 1,
      class: 16,
      message: "Invalid column name 'sap'.",
      serverName: 'GATEWAYHO',
      procName: '',
      lineNumber: 5
    }
  },
  number: 207,
  lineNumber: 5,
  state: 1,
  class: 16,
  serverName: 'GATEWAYHO',
  procName: '',
  precedingErrors: []
}
